<?xml version="1.0" encoding="UTF-8"?>
<testsuite name="SquadsTest" tests="6" skipped="0" failures="0" errors="0" timestamp="2022-05-04T05:03:29" hostname="rachael-ThinkPad-Yoga-11e" time="0.153">
  <properties/>
  <testcase name="checksIfSquadIsLimitedToAMaxOf5Heroes_true()" classname="SquadsTest" time="0.104"/>
  <testcase name="checksIfSquadsCanAddHeroes_true()" classname="SquadsTest" time="0.016"/>
  <testcase name="getCreatedAt_instantiatesWithCurrentTime_today()" classname="SquadsTest" time="0.006"/>
  <testcase name="checksIfHeroAppearsInOnlyOneSquadAtATime_true()" classname="SquadsTest" time="0.003"/>
  <testcase name="getPublished_isFalseAfterInstantiation_false()" classname="SquadsTest" time="0.003"/>
  <testcase name="instantiatesSquadCorrectly_true()" classname="SquadsTest" time="0.002"/>
  <system-out><![CDATA[]]></system-out>
  <system-err><![CDATA[]]></system-err>
</testsuite>
